{"C:\\Users\\dpensibi\\OneDrive - Capgemini\\Desktop\\Cours Epsi\\04-JS\\coursjs\\npm\\app.js": {"path":"C:\\Users\\dpensibi\\OneDrive - Capgemini\\Desktop\\Cours Epsi\\04-JS\\coursjs\\npm\\app.js","statementMap":{"0":{"start":{"line":5,"column":12},"end":{"line":5,"column":21}},"1":{"start":{"line":6,"column":0},"end":{"line":6,"column":27}},"2":{"start":{"line":8,"column":0},"end":{"line":10,"column":3}},"3":{"start":{"line":9,"column":2},"end":{"line":9,"column":34}},"4":{"start":{"line":12,"column":0},"end":{"line":12,"column":49}},"5":{"start":{"line":14,"column":0},"end":{"line":14,"column":52}},"6":{"start":{"line":16,"column":0},"end":{"line":16,"column":49}},"7":{"start":{"line":18,"column":0},"end":{"line":18,"column":55}},"8":{"start":{"line":20,"column":0},"end":{"line":20,"column":59}}},"fnMap":{"0":{"name":"(anonymous_0)","decl":{"start":{"line":8,"column":13},"end":{"line":8,"column":14}},"loc":{"start":{"line":8,"column":33},"end":{"line":10,"column":1}},"line":8}},"branchMap":{},"s":{"0":1,"1":1,"2":1,"3":0,"4":1,"5":1,"6":1,"7":1,"8":1},"f":{"0":0},"b":{},"_coverageSchema":"1a1c01bbd47fc00a2c39e90264f33305004495a9","hash":"b8d7c94ee01a962e60991bfedd16a39b94d1d64f"}
,"C:\\Users\\dpensibi\\OneDrive - Capgemini\\Desktop\\Cours Epsi\\04-JS\\coursjs\\npm\\controller.js": {"path":"C:\\Users\\dpensibi\\OneDrive - Capgemini\\Desktop\\Cours Epsi\\04-JS\\coursjs\\npm\\controller.js","statementMap":{"0":{"start":{"line":4,"column":2},"end":{"line":4,"column":33}},"1":{"start":{"line":8,"column":13},"end":{"line":8,"column":26}},"2":{"start":{"line":9,"column":18},"end":{"line":9,"column":51}},"3":{"start":{"line":9,"column":39},"end":{"line":9,"column":50}},"4":{"start":{"line":10,"column":2},"end":{"line":14,"column":3}},"5":{"start":{"line":11,"column":4},"end":{"line":11,"column":27}},"6":{"start":{"line":13,"column":4},"end":{"line":13,"column":34}},"7":{"start":{"line":18,"column":21},"end":{"line":22,"column":3}},"8":{"start":{"line":23,"column":2},"end":{"line":23,"column":28}},"9":{"start":{"line":24,"column":2},"end":{"line":24,"column":35}},"10":{"start":{"line":28,"column":24},"end":{"line":28,"column":32}},"11":{"start":{"line":29,"column":14},"end":{"line":29,"column":74}},"12":{"start":{"line":29,"column":46},"end":{"line":29,"column":73}},"13":{"start":{"line":30,"column":2},"end":{"line":35,"column":3}},"14":{"start":{"line":31,"column":4},"end":{"line":31,"column":34}},"15":{"start":{"line":32,"column":4},"end":{"line":32,"column":28}},"16":{"start":{"line":34,"column":4},"end":{"line":34,"column":27}},"17":{"start":{"line":39,"column":14},"end":{"line":39,"column":74}},"18":{"start":{"line":39,"column":46},"end":{"line":39,"column":73}},"19":{"start":{"line":40,"column":2},"end":{"line":45,"column":3}},"20":{"start":{"line":41,"column":27},"end":{"line":41,"column":50}},"21":{"start":{"line":42,"column":4},"end":{"line":42,"column":29}},"22":{"start":{"line":44,"column":4},"end":{"line":44,"column":27}}},"fnMap":{"0":{"name":"getContacts","decl":{"start":{"line":3,"column":9},"end":{"line":3,"column":20}},"loc":{"start":{"line":3,"column":31},"end":{"line":5,"column":1}},"line":3},"1":{"name":"getContact","decl":{"start":{"line":7,"column":9},"end":{"line":7,"column":19}},"loc":{"start":{"line":7,"column":30},"end":{"line":15,"column":1}},"line":7},"2":{"name":"(anonymous_2)","decl":{"start":{"line":9,"column":32},"end":{"line":9,"column":33}},"loc":{"start":{"line":9,"column":39},"end":{"line":9,"column":50}},"line":9},"3":{"name":"addContact","decl":{"start":{"line":17,"column":9},"end":{"line":17,"column":19}},"loc":{"start":{"line":17,"column":30},"end":{"line":25,"column":1}},"line":17},"4":{"name":"updateContact","decl":{"start":{"line":27,"column":9},"end":{"line":27,"column":22}},"loc":{"start":{"line":27,"column":33},"end":{"line":36,"column":1}},"line":27},"5":{"name":"(anonymous_5)","decl":{"start":{"line":29,"column":33},"end":{"line":29,"column":34}},"loc":{"start":{"line":29,"column":46},"end":{"line":29,"column":73}},"line":29},"6":{"name":"deletedContact","decl":{"start":{"line":38,"column":9},"end":{"line":38,"column":23}},"loc":{"start":{"line":38,"column":34},"end":{"line":46,"column":1}},"line":38},"7":{"name":"(anonymous_7)","decl":{"start":{"line":39,"column":33},"end":{"line":39,"column":34}},"loc":{"start":{"line":39,"column":46},"end":{"line":39,"column":73}},"line":39}},"branchMap":{"0":{"loc":{"start":{"line":10,"column":2},"end":{"line":14,"column":3}},"type":"if","locations":[{"start":{"line":10,"column":2},"end":{"line":14,"column":3}},{"start":{"line":12,"column":9},"end":{"line":14,"column":3}}],"line":10},"1":{"loc":{"start":{"line":30,"column":2},"end":{"line":35,"column":3}},"type":"if","locations":[{"start":{"line":30,"column":2},"end":{"line":35,"column":3}},{"start":{"line":33,"column":9},"end":{"line":35,"column":3}}],"line":30},"2":{"loc":{"start":{"line":40,"column":2},"end":{"line":45,"column":3}},"type":"if","locations":[{"start":{"line":40,"column":2},"end":{"line":45,"column":3}},{"start":{"line":43,"column":9},"end":{"line":45,"column":3}}],"line":40}},"s":{"0":0,"1":0,"2":0,"3":0,"4":0,"5":0,"6":0,"7":0,"8":0,"9":0,"10":0,"11":0,"12":0,"13":0,"14":0,"15":0,"16":0,"17":0,"18":0,"19":0,"20":0,"21":0,"22":0},"f":{"0":0,"1":0,"2":0,"3":0,"4":0,"5":0,"6":0,"7":0},"b":{"0":[0,0],"1":[0,0],"2":[0,0]},"_coverageSchema":"1a1c01bbd47fc00a2c39e90264f33305004495a9","hash":"ed3d339add59d8bdbb54d1ee6535ef32d61e7e04"}
,"C:\\Users\\dpensibi\\OneDrive - Capgemini\\Desktop\\Cours Epsi\\04-JS\\coursjs\\npm\\data.js": {"path":"C:\\Users\\dpensibi\\OneDrive - Capgemini\\Desktop\\Cours Epsi\\04-JS\\coursjs\\npm\\data.js","statementMap":{"0":{"start":{"line":1,"column":24},"end":{"line":22,"column":1}}},"fnMap":{},"branchMap":{},"s":{"0":1},"f":{},"b":{},"_coverageSchema":"1a1c01bbd47fc00a2c39e90264f33305004495a9","hash":"541337900158bb962e7ef96d511b5e90c017a9bf"}
}
