TN:
SF:app.js
FN:8,(anonymous_0)
FNF:1
FNH:0
FNDA:0,(anonymous_0)
DA:5,1
DA:6,1
DA:8,1
DA:9,0
DA:12,1
DA:14,1
DA:16,1
DA:18,1
DA:20,1
LF:9
LH:8
BRF:0
BRH:0
end_of_record
TN:
SF:controller.js
FN:3,getContacts
FN:7,getContact
FN:9,(anonymous_2)
FN:17,addContact
FN:27,updateContact
FN:29,(anonymous_5)
FN:38,deletedContact
FN:39,(anonymous_7)
FNF:8
FNH:0
FNDA:0,getContacts
FNDA:0,getContact
FNDA:0,(anonymous_2)
FNDA:0,addContact
FNDA:0,updateContact
FNDA:0,(anonymous_5)
FNDA:0,deletedContact
FNDA:0,(anonymous_7)
DA:4,0
DA:8,0
DA:9,0
DA:10,0
DA:11,0
DA:13,0
DA:18,0
DA:23,0
DA:24,0
DA:28,0
DA:29,0
DA:30,0
DA:31,0
DA:32,0
DA:34,0
DA:39,0
DA:40,0
DA:41,0
DA:42,0
DA:44,0
LF:20
LH:0
BRDA:10,0,0,0
BRDA:10,0,1,0
BRDA:30,1,0,0
BRDA:30,1,1,0
BRDA:40,2,0,0
BRDA:40,2,1,0
BRF:6
BRH:0
end_of_record
TN:
SF:data.js
FNF:0
FNH:0
DA:1,1
LF:1
LH:1
BRF:0
BRH:0
end_of_record
